<?xml version="1.0" encoding="UTF-8"?>
<!-- Generated by org.testng.reporters.JUnitReportReporter -->
<testsuite hostname="DESKTOP-I52PJOF" failures="0" tests="6" name="TestLayer.HomePageTest" time="2.110" errors="0" timestamp="2023-07-24T04:12:30 GMT-07:00" skipped="0">
  <testcase classname="TestLayer.HomePageTest" name="validateUrl" time="0.305"/>
  <testcase classname="TestLayer.HomePageTest" name="validateTitle" time="0.032"/>
  <testcase classname="TestLayer.HomePageTest" name="validateLogo" time="0.793"/>
  <testcase classname="TestLayer.HomePageTest" name="validateAdminlink" time="0.450"/>
  <testcase classname="TestLayer.HomePageTest" name="validatePIMlink" time="0.126"/>
  <testcase classname="TestLayer.HomePageTest" name="validateLogOutclick" time="0.404"/>
</testsuite> <!-- TestLayer.HomePageTest -->
