<?xml version="1.0" encoding="UTF-8"?>
<!-- Generated by org.testng.reporters.JUnitReportReporter -->
<testsuite hostname="DESKTOP-I52PJOF" failures="0" tests="1" name="TestLayer.PIMPagePersonalInfoTest" time="41.374" errors="0" timestamp="2023-07-24T04:12:30 GMT-07:00" skipped="0">
  <testcase classname="TestLayer.PIMPagePersonalInfoTest" name="validatePIMPersonalInfo" time="41.374"/>
</testsuite> <!-- TestLayer.PIMPagePersonalInfoTest -->
