<?xml version="1.0" encoding="UTF-8"?>
<!-- Generated by org.testng.reporters.JUnitReportReporter -->
<testsuite hostname="DESKTOP-I52PJOF" failures="0" tests="1" name="TestLayer.PIMPageTest" time="5.428" errors="0" timestamp="2023-07-24T04:12:30 GMT-07:00" skipped="0">
  <testcase classname="TestLayer.PIMPageTest" name="validatePIMPageFunctionality" time="5.428"/>
</testsuite> <!-- TestLayer.PIMPageTest -->
